D:\PythonProjects\PromtEngineer-localGPT\localgpt_llama2/SOURCE_DOCUMENTS\Orca_paper.pdf loaded.
D:\PythonProjects\PromtEngineer-localGPT\localgpt_llama2/SOURCE_DOCUMENTS\Orca_paper.pdf loaded.
D:\PythonProjects\PromtEngineer-localGPT\localgpt_llama2/SOURCE_DOCUMENTS\Orca_paper.pdf loading error: 
partially initialized module 'charset_normalizer' has no attribute 'md__mypyc' (most likely due to a circular import)
D:\PythonProjects\PromtEngineer-localGPT\localgpt_llama2/SOURCE_DOCUMENTS\Orca_paper.pdf loaded.
D:\PythonProjects\PromtEngineer-localGPT\localgpt_llama2/SOURCE_DOCUMENTS\Orca_paper.pdf loading error: 
partially initialized module 'charset_normalizer' has no attribute 'md__mypyc' (most likely due to a circular import)
D:\PythonProjects\PromtEngineer-localGPT\localgpt_llama2/SOURCE_DOCUMENTS\Orca_paper.pdf loaded.
D:\PythonProjects\PromtEngineer-localGPT\localgpt_llama2/SOURCE_DOCUMENTS\Orca_paper.pdf loading error: 
partially initialized module 'charset_normalizer' has no attribute 'md__mypyc' (most likely due to a circular import)
D:\PythonProjects\PromtEngineer-localGPT\localgpt_llama2/SOURCE_DOCUMENTS\Orca_paper.pdf loaded.
D:\PythonProjects\PromtEngineer-localGPT\localgpt_llama2/SOURCE_DOCUMENTS\Orca_paper.pdf loading error: 
cannot import name 'Image' from 'PIL' (unknown location)
D:\PythonProjects\PromtEngineer-localGPT\localgpt_llama2/SOURCE_DOCUMENTS\Orca_paper.pdf loaded.
D:\PythonProjects\PromtEngineer-localGPT\localgpt_llama2/SOURCE_DOCUMENTS\Orca_paper.pdf loading error: 
cannot import name 'Image' from 'PIL' (unknown location)
D:\PythonProjects\PromtEngineer-localGPT\localgpt_llama2/SOURCE_DOCUMENTS\Orca_paper.pdf loaded.
D:\PythonProjects\PromtEngineer-localGPT\localgpt_llama2/SOURCE_DOCUMENTS\Orca_paper.pdf loading error: 
cannot import name 'Image' from 'PIL' (unknown location)
D:\PythonProjects\PromtEngineer-localGPT\localgpt_llama2/SOURCE_DOCUMENTS\Orca_paper.pdf loaded.
D:\PythonProjects\PromtEngineer-localGPT\localgpt_llama2/SOURCE_DOCUMENTS\Orca_paper.pdf loading error: 
cannot import name 'Image' from 'PIL' (unknown location)
D:\PythonProjects\PromtEngineer-localGPT\localgpt_llama2/SOURCE_DOCUMENTS\Orca_paper.pdf loaded.
D:\PythonProjects\PromtEngineer-localGPT\localgpt_llama2/SOURCE_DOCUMENTS\Orca_paper.pdf loading error: 
cannot import name 'Image' from 'PIL' (unknown location)
D:\PythonProjects\PromtEngineer-localGPT\localgpt_llama2/SOURCE_DOCUMENTS\Orca_paper.pdf loaded.
D:\PythonProjects\PromtEngineer-localGPT\localgpt_llama2/SOURCE_DOCUMENTS\Orca_paper.pdf loading error: 
cannot import name 'Image' from 'PIL' (unknown location)
D:\PythonProjects\PromtEngineer-localGPT\localgpt_llama2/SOURCE_DOCUMENTS\Orca_paper.pdf loaded.
D:\PythonProjects\PromtEngineer-localGPT\localgpt_llama2/SOURCE_DOCUMENTS\Orca_paper.pdf loading error: 
partially initialized module 'charset_normalizer' has no attribute 'md__mypyc' (most likely due to a circular import)
D:\PythonProjects\PromtEngineer-localGPT\localgpt_llama2/SOURCE_DOCUMENTS\Orca_paper.pdf loaded.
D:\PythonProjects\PromtEngineer-localGPT\localgpt_llama2/SOURCE_DOCUMENTS\Orca_paper.pdf loading error: 
partially initialized module 'charset_normalizer' has no attribute 'md__mypyc' (most likely due to a circular import)
D:\PythonProjects\PromtEngineer-localGPT\localgpt_llama2/SOURCE_DOCUMENTS\Orca_paper.pdf loaded.
D:\PythonProjects\PromtEngineer-localGPT\localgpt_llama2/SOURCE_DOCUMENTS\Orca_paper.pdf loading error: 
partially initialized module 'charset_normalizer' has no attribute 'md__mypyc' (most likely due to a circular import)
D:\PythonProjects\PromtEngineer-localGPT\localgpt_llama2/SOURCE_DOCUMENTS\Orca_paper.pdf loaded.
D:\PythonProjects\PromtEngineer-localGPT\localgpt_llama2/SOURCE_DOCUMENTS\Orca_paper.pdf loading error: 
partially initialized module 'charset_normalizer' has no attribute 'md__mypyc' (most likely due to a circular import)
D:\PythonProjects\PromtEngineer-localGPT\localgpt_llama2/SOURCE_DOCUMENTS\Orca_paper.pdf loaded.
D:\PythonProjects\PromtEngineer-localGPT\localgpt_llama2/SOURCE_DOCUMENTS\Orca_paper.pdf loading error: 
partially initialized module 'charset_normalizer' has no attribute 'md__mypyc' (most likely due to a circular import)
D:\PythonProjects\PromtEngineer-localGPT\localgpt_llama2/SOURCE_DOCUMENTS\Orca_paper.pdf loaded.
D:\PythonProjects\PromtEngineer-localGPT\localgpt_llama2/SOURCE_DOCUMENTS\Orca_paper.pdf loading error: 
partially initialized module 'charset_normalizer' has no attribute 'md__mypyc' (most likely due to a circular import)
D:\PythonProjects\PromtEngineer-localGPT\localgpt_llama2/SOURCE_DOCUMENTS\constitution.pdf loaded.
D:\PythonProjects\PromtEngineer-localGPT\localgpt_llama2/SOURCE_DOCUMENTS\Orca_paper.pdf loaded.
D:\PythonProjects\PromtEngineer-localGPT\localgpt_llama2/SOURCE_DOCUMENTS\constitution.pdf loading error: 
partially initialized module 'charset_normalizer' has no attribute 'md__mypyc' (most likely due to a circular import)
D:\PythonProjects\PromtEngineer-localGPT\localgpt_llama2/SOURCE_DOCUMENTS\Orca_paper.pdf loading error: 
partially initialized module 'charset_normalizer' has no attribute 'md__mypyc' (most likely due to a circular import)
D:\PythonProjects\PromtEngineer-localGPT\localgpt_llama2/SOURCE_DOCUMENTS\constitution.pdf loaded.
D:\PythonProjects\PromtEngineer-localGPT\localgpt_llama2/SOURCE_DOCUMENTS\Orca_paper.pdf loaded.
D:\PythonProjects\PromtEngineer-localGPT\localgpt_llama2/SOURCE_DOCUMENTS\Orca_paper.pdf loading error: 
partially initialized module 'charset_normalizer' has no attribute 'md__mypyc' (most likely due to a circular import)
D:\PythonProjects\PromtEngineer-localGPT\localgpt_llama2/SOURCE_DOCUMENTS\constitution.pdf loading error: 
partially initialized module 'charset_normalizer' has no attribute 'md__mypyc' (most likely due to a circular import)
D:\PythonProjects\PromtEngineer-localGPT\localgpt_llama2/SOURCE_DOCUMENTS\constitution.pdf loaded.
D:\PythonProjects\PromtEngineer-localGPT\localgpt_llama2/SOURCE_DOCUMENTS\Orca_paper.pdf loaded.
D:\PythonProjects\PromtEngineer-localGPT\localgpt_llama2/SOURCE_DOCUMENTS\Orca_paper.pdf loading error: 
partially initialized module 'charset_normalizer' has no attribute 'md__mypyc' (most likely due to a circular import)
D:\PythonProjects\PromtEngineer-localGPT\localgpt_llama2/SOURCE_DOCUMENTS\constitution.pdf loading error: 
partially initialized module 'charset_normalizer' has no attribute 'md__mypyc' (most likely due to a circular import)
D:\PythonProjects\PromtEngineer-localGPT\localgpt_llama2/SOURCE_DOCUMENTS\constitution.pdf loaded.
D:\PythonProjects\PromtEngineer-localGPT\localgpt_llama2/SOURCE_DOCUMENTS\Orca_paper.pdf loaded.
D:\PythonProjects\PromtEngineer-localGPT\localgpt_llama2/SOURCE_DOCUMENTS\Orca_paper.pdf loading error: 
partially initialized module 'charset_normalizer' has no attribute 'md__mypyc' (most likely due to a circular import)
D:\PythonProjects\PromtEngineer-localGPT\localgpt_llama2/SOURCE_DOCUMENTS\constitution.pdf loading error: 
partially initialized module 'charset_normalizer' has no attribute 'md__mypyc' (most likely due to a circular import)
D:\PythonProjects\PromtEngineer-localGPT\localgpt_llama2/SOURCE_DOCUMENTS\constitution.pdf loaded.
D:\PythonProjects\PromtEngineer-localGPT\localgpt_llama2/SOURCE_DOCUMENTS\Orca_paper.pdf loaded.
D:\PythonProjects\PromtEngineer-localGPT\localgpt_llama2/SOURCE_DOCUMENTS\Orca_paper.pdf loading error: 
partially initialized module 'charset_normalizer' has no attribute 'md__mypyc' (most likely due to a circular import)
D:\PythonProjects\PromtEngineer-localGPT\localgpt_llama2/SOURCE_DOCUMENTS\constitution.pdf loading error: 
partially initialized module 'charset_normalizer' has no attribute 'md__mypyc' (most likely due to a circular import)
D:\PythonProjects\PromtEngineer-localGPT\localgpt_llama2/SOURCE_DOCUMENTS\constitution.pdf loaded.
D:\PythonProjects\PromtEngineer-localGPT\localgpt_llama2/SOURCE_DOCUMENTS\Orca_paper.pdf loaded.
D:\PythonProjects\PromtEngineer-localGPT\localgpt_llama2/SOURCE_DOCUMENTS\constitution.pdf loading error: 
partially initialized module 'charset_normalizer' has no attribute 'md__mypyc' (most likely due to a circular import)
D:\PythonProjects\PromtEngineer-localGPT\localgpt_llama2/SOURCE_DOCUMENTS\Orca_paper.pdf loading error: 
partially initialized module 'charset_normalizer' has no attribute 'md__mypyc' (most likely due to a circular import)
D:\PythonProjects\PromtEngineer-localGPT\localgpt_llama2/SOURCE_DOCUMENTS\constitution.pdf loaded.
D:\PythonProjects\PromtEngineer-localGPT\localgpt_llama2/SOURCE_DOCUMENTS\Orca_paper.pdf loaded.
D:\PythonProjects\PromtEngineer-localGPT\localgpt_llama2/SOURCE_DOCUMENTS\constitution.pdf loading error: 
partially initialized module 'charset_normalizer' has no attribute 'md__mypyc' (most likely due to a circular import)
D:\PythonProjects\PromtEngineer-localGPT\localgpt_llama2/SOURCE_DOCUMENTS\Orca_paper.pdf loading error: 
partially initialized module 'charset_normalizer' has no attribute 'md__mypyc' (most likely due to a circular import)
D:\PythonProjects\PromtEngineer-localGPT\localgpt_llama2/SOURCE_DOCUMENTS\constitution.pdf loaded.
D:\PythonProjects\PromtEngineer-localGPT\localgpt_llama2/SOURCE_DOCUMENTS\Orca_paper.pdf loaded.
D:\PythonProjects\PromtEngineer-localGPT\localgpt_llama2/SOURCE_DOCUMENTS\constitution.pdf loading error: 
partially initialized module 'charset_normalizer' has no attribute 'md__mypyc' (most likely due to a circular import)
D:\PythonProjects\PromtEngineer-localGPT\localgpt_llama2/SOURCE_DOCUMENTS\Orca_paper.pdf loading error: 
partially initialized module 'charset_normalizer' has no attribute 'md__mypyc' (most likely due to a circular import)
D:\PythonProjects\PromtEngineer-localGPT\localgpt_llama2/SOURCE_DOCUMENTS\constitution.pdf loaded.
D:\PythonProjects\PromtEngineer-localGPT\localgpt_llama2/SOURCE_DOCUMENTS\constitution.pdf loading error: 
partially initialized module 'charset_normalizer' has no attribute 'md__mypyc' (most likely due to a circular import)
D:\PythonProjects\PromtEngineer-localGPT\localgpt_llama2/SOURCE_DOCUMENTS\constitution.pdf loaded.
D:\PythonProjects\PromtEngineer-localGPT\localgpt_llama2/SOURCE_DOCUMENTS\constitution.pdf loading error: 
partially initialized module 'charset_normalizer' has no attribute 'md__mypyc' (most likely due to a circular import)
D:\PythonProjects\PromtEngineer-localGPT\localgpt_llama2/SOURCE_DOCUMENTS\constitution.pdf loaded.
D:\PythonProjects\PromtEngineer-localGPT\localgpt_llama2/SOURCE_DOCUMENTS\constitution.pdf loading error: 
partially initialized module 'charset_normalizer' has no attribute 'md__mypyc' (most likely due to a circular import)
D:\PythonProjects\PromtEngineer-localGPT\localgpt_llama2/SOURCE_DOCUMENTS\constitution.pdf loaded.
Exception: A process in the process pool was terminated abruptly while the future was running or pending.
Exception: A process in the process pool was terminated abruptly while the future was running or pending.
Exception: A process in the process pool was terminated abruptly while the future was running or pending.
Exception: A process in the process pool was terminated abruptly while the future was running or pending.
Exception: A process in the process pool was terminated abruptly while the future was running or pending.
